<!DOCTYPE html>

<html>
  <head>
  <title>TestNG reports</title>

    <link type="text/css" href="testng-reports.css" rel="stylesheet" />  
    <script type="text/javascript" src="jquery-1.7.1.min.js"></script>
    <script type="text/javascript" src="testng-reports.js"></script>
    <script type="text/javascript" src="https://www.google.com/jsapi"></script>
    <script type='text/javascript'>
      google.load('visualization', '1', {packages:['table']});
      google.setOnLoadCallback(drawTable);
      var suiteTableInitFunctions = new Array();
      var suiteTableData = new Array();
    </script>
    <!--
      <script type="text/javascript" src="jquery-ui/js/jquery-ui-1.8.16.custom.min.js"></script>
     -->
  </head>

  <body>
    <div class="top-banner-root">
      <span class="top-banner-title-font">Test results</span>
      <br/>
      <span class="top-banner-font-1">1 suite, 5 failed tests</span>
    </div> <!-- top-banner-root -->
    <div class="navigator-root">
      <div class="navigator-suite-header">
        <span>All suites</span>
        <a href="#" class="collapse-all-link" title="Collapse/expand all the suites">
          <img class="collapse-all-icon" src="collapseall.gif">
          </img> <!-- collapse-all-icon -->
        </a> <!-- collapse-all-link -->
      </div> <!-- navigator-suite-header -->
      <div class="suite">
        <div class="rounded-window">
          <div class="suite-header light-rounded-window-top">
            <a href="#" class="navigator-link" panel-name="suite-TestAll">
              <span class="suite-name border-failed">TestAll</span>
            </a> <!-- navigator-link -->
          </div> <!-- suite-header light-rounded-window-top -->
          <div class="navigator-suite-content">
            <div class="suite-section-title">
              <span>Info</span>
            </div> <!-- suite-section-title -->
            <div class="suite-section-content">
              <ul>
                <li>
                  <a href="#" class="navigator-link " panel-name="test-xml-TestAll">
                    <span>C:\Neeraj Sharma\Mars Workspace\ZohoTesting\resource\testng.xml</span>
                  </a> <!-- navigator-link  -->
                </li>
                <li>
                  <a href="#" class="navigator-link " panel-name="testlist-TestAll">
                    <span class="test-stats">3 tests</span>
                  </a> <!-- navigator-link  -->
                </li>
                <li>
                  <a href="#" class="navigator-link " panel-name="group-TestAll">
                    <span>0 groups</span>
                  </a> <!-- navigator-link  -->
                </li>
                <li>
                  <a href="#" class="navigator-link " panel-name="times-TestAll">
                    <span>Times</span>
                  </a> <!-- navigator-link  -->
                </li>
                <li>
                  <a href="#" class="navigator-link " panel-name="reporter-TestAll">
                    <span>Reporter output</span>
                  </a> <!-- navigator-link  -->
                </li>
                <li>
                  <a href="#" class="navigator-link " panel-name="ignored-methods-TestAll">
                    <span>Ignored methods</span>
                  </a> <!-- navigator-link  -->
                </li>
                <li>
                  <a href="#" class="navigator-link " panel-name="chronological-TestAll">
                    <span>Chronological view</span>
                  </a> <!-- navigator-link  -->
                </li>
              </ul>
            </div> <!-- suite-section-content -->
            <div class="result-section">
              <div class="suite-section-title">
                <span>Results</span>
              </div> <!-- suite-section-title -->
              <div class="suite-section-content">
                <ul>
                  <li>
                    <span class="method-stats">9 methods, 5 failed,  1 skipped,  3 passed</span>
                  </li>
                  <li>
                    <span class="method-list-title failed">Failed methods</span>
                    <span class="show-or-hide-methods failed">
                      <a href="#" panel-name="suite-TestAll" class="hide-methods failed suite-TestAll"> (hide)</a> <!-- hide-methods failed suite-TestAll -->
                      <a href="#" panel-name="suite-TestAll" class="show-methods failed suite-TestAll"> (show)</a> <!-- show-methods failed suite-TestAll -->
                    </span>
                    <div class="method-list-content failed suite-TestAll">
                      <span>
                        <img width="3%" src="failed.png"/>
                        <a href="#" class="method navigator-link" panel-name="suite-TestAll" title="com.zohotesting.DeleteLead" hash-for-method="TestLeadDelete(Y, Mozilla, Delta, Coronal)">TestLeadDelete(Y, Mozilla, Delta, Coronal)</a> <!-- method navigator-link -->
                      </span>
                      <br/>
                      <span>
                        <img width="3%" src="failed.png"/>
                        <a href="#" class="method navigator-link" panel-name="suite-TestAll" title="com.zohotesting.DeleteLead" hash-for-method="TestLeadDelete(Y, Mozilla, Apple, Watson)">TestLeadDelete(Y, Mozilla, Apple, Watson)</a> <!-- method navigator-link -->
                      </span>
                      <br/>
                      <span>
                        <img width="3%" src="failed.png"/>
                        <a href="#" class="method navigator-link" panel-name="suite-TestAll" title="com.zohotesting.CreateLeadTest" hash-for-method="doCreateLead(Y, Chrome, Lenovo, , , Sharma)">doCreateLead(Y, Chrome, Lenovo, , , Sharma)</a> <!-- method navigator-link -->
                      </span>
                      <br/>
                      <span>
                        <img width="3%" src="failed.png"/>
                        <a href="#" class="method navigator-link" panel-name="suite-TestAll" title="com.zohotesting.TestLogin" hash-for-method="dologin(Y, Mozilla, nesharma0101@gmail.com, vinnpv1980, Y)">dologin(Y, Mozilla, nesharma0101@gmail.com, vinnpv1980, Y)</a> <!-- method navigator-link -->
                      </span>
                      <br/>
                      <span>
                        <img width="3%" src="failed.png"/>
                        <a href="#" class="method navigator-link" panel-name="suite-TestAll" title="com.zohotesting.TestLogin" hash-for-method="dologin(Y, Mozilla, its.thakur@gmail.com, xxxxx, N)">dologin(Y, Mozilla, its.thakur@gmail.com, xxxxx, N)</a> <!-- method navigator-link -->
                      </span>
                      <br/>
                    </div> <!-- method-list-content failed suite-TestAll -->
                  </li>
                  <li>
                    <span class="method-list-title skipped">Skipped methods</span>
                    <span class="show-or-hide-methods skipped">
                      <a href="#" panel-name="suite-TestAll" class="hide-methods skipped suite-TestAll"> (hide)</a> <!-- hide-methods skipped suite-TestAll -->
                      <a href="#" panel-name="suite-TestAll" class="show-methods skipped suite-TestAll"> (show)</a> <!-- show-methods skipped suite-TestAll -->
                    </span>
                    <div class="method-list-content skipped suite-TestAll">
                      <span>
                        <img width="3%" src="skipped.png"/>
                        <a href="#" class="method navigator-link" panel-name="suite-TestAll" title="com.zohotesting.DeleteLead" hash-for-method="TestLeadDelete(N, Mozilla, Apple, Tiwari)">TestLeadDelete(N, Mozilla, Apple, Tiwari)</a> <!-- method navigator-link -->
                      </span>
                      <br/>
                    </div> <!-- method-list-content skipped suite-TestAll -->
                  </li>
                  <li>
                    <span class="method-list-title passed">Passed methods</span>
                    <span class="show-or-hide-methods passed">
                      <a href="#" panel-name="suite-TestAll" class="hide-methods passed suite-TestAll"> (hide)</a> <!-- hide-methods passed suite-TestAll -->
                      <a href="#" panel-name="suite-TestAll" class="show-methods passed suite-TestAll"> (show)</a> <!-- show-methods passed suite-TestAll -->
                    </span>
                    <div class="method-list-content passed suite-TestAll">
                      <span>
                        <img width="3%" src="passed.png"/>
                        <a href="#" class="method navigator-link" panel-name="suite-TestAll" title="com.zohotesting.CreateLeadTest" hash-for-method="doCreateLead(Y, Mozilla, Apple, abc@abc.com, Indu, Tiwari)">doCreateLead(Y, Mozilla, Apple, abc@abc.com, Indu, Tiwari)</a> <!-- method navigator-link -->
                      </span>
                      <br/>
                      <span>
                        <img width="3%" src="passed.png"/>
                        <a href="#" class="method navigator-link" panel-name="suite-TestAll" title="com.zohotesting.CreateLeadTest" hash-for-method="doCreateLead(Y, Mozilla, Delta, cde@cde.com, Joseph, Coronal)">doCreateLead(Y, Mozilla, Delta, cde@cde.com, Joseph, Coronal)</a> <!-- method navigator-link -->
                      </span>
                      <br/>
                      <span>
                        <img width="3%" src="passed.png"/>
                        <a href="#" class="method navigator-link" panel-name="suite-TestAll" title="com.zohotesting.CreateLeadTest" hash-for-method="doCreateLead(Y, Mozilla, HP, fgh@fgh.com, Dan, Watson)">doCreateLead(Y, Mozilla, HP, fgh@fgh.com, Dan, Watson)</a> <!-- method navigator-link -->
                      </span>
                      <br/>
                    </div> <!-- method-list-content passed suite-TestAll -->
                  </li>
                </ul>
              </div> <!-- suite-section-content -->
            </div> <!-- result-section -->
          </div> <!-- navigator-suite-content -->
        </div> <!-- rounded-window -->
      </div> <!-- suite -->
    </div> <!-- navigator-root -->
    <div class="wrapper">
      <div class="main-panel-root">
        <div panel-name="suite-TestAll" class="panel TestAll">
          <div class="suite-TestAll-class-failed">
            <div class="main-panel-header rounded-window-top">
              <img src="failed.png"/>
              <span class="class-name">com.zohotesting.DeleteLead</span>
            </div> <!-- main-panel-header rounded-window-top -->
            <div class="main-panel-content rounded-window-bottom">
              <div class="method">
                <div class="method-content">
                  <a name="TestLeadDelete(Y, Mozilla, Delta, Coronal)">
                  </a> <!-- TestLeadDelete(Y, Mozilla, Delta, Coronal) -->
                  <span class="method-name">TestLeadDelete</span>
                  <span class="parameters">(Y, Mozilla, Delta, Coronal)</span>
                  <div class="stack-trace">org.openqa.selenium.StaleElementReferenceException: Element not found in the cache - perhaps the page has changed since it was looked up
Command duration or timeout: 20.11 seconds
For documentation on this error, please visit: http://seleniumhq.org/exceptions/stale_element_reference.html
Build info: version: &apos;2.53.0&apos;, revision: &apos;35ae25b1534ae328c771e0856c93e187490ca824&apos;, time: &apos;2016-03-15 10:43:46&apos;
System info: host: &apos;XATLCAMP04967&apos;, ip: &apos;192.168.1.64&apos;, os.name: &apos;Windows 7&apos;, os.arch: &apos;amd64&apos;, os.version: &apos;6.1&apos;, java.version: &apos;1.8.0_111&apos;
Driver info: org.openqa.selenium.firefox.FirefoxDriver
Capabilities [{applicationCacheEnabled=true, rotatable=false, handlesAlerts=true, databaseEnabled=true, version=44.0, platform=WINDOWS, nativeEvents=false, acceptSslCerts=true, webStorageEnabled=true, locationContextEnabled=true, browserName=firefox, takesScreenshot=true, javascriptEnabled=true, cssSelectorsEnabled=true}]
Session ID: 4e6ed529-1b36-4eaf-9853-71126132e62a
	at org.openqa.selenium.remote.ErrorHandler.createThrowable(ErrorHandler.java:206)
	at org.openqa.selenium.remote.ErrorHandler.throwIfResponseFailed(ErrorHandler.java:158)
	at org.openqa.selenium.remote.RemoteWebDriver.execute(RemoteWebDriver.java:678)
	at org.openqa.selenium.remote.RemoteWebElement.execute(RemoteWebElement.java:327)
	at org.openqa.selenium.remote.RemoteWebElement.getText(RemoteWebElement.java:179)
	at com.zohotesting.LeadPage.deleteLead(LeadPage.java:38)
	at com.zohotesting.DeleteLead.TestLeadDelete(DeleteLead.java:56)
Caused by: org.openqa.selenium.StaleElementReferenceException: Element not found in the cache - perhaps the page has changed since it was looked up
For documentation on this error, please visit: http://seleniumhq.org/exceptions/stale_element_reference.html
Build info: version: &apos;2.53.0&apos;, revision: &apos;35ae25b1534ae328c771e0856c93e187490ca824&apos;, time: &apos;2016-03-15 10:43:46&apos;
System info: host: &apos;XATLCAMP04967&apos;, ip: &apos;192.168.1.64&apos;, os.name: &apos;Windows 7&apos;, os.arch: &apos;amd64&apos;, os.version: &apos;6.1&apos;, java.version: &apos;1.8.0_111&apos;
Driver info: driver.version: unknown
	at &lt;anonymous class&gt;.fxdriver.cache.getElementAt(resource://fxdriver/modules/web-element-cache.js:9454)
	at &lt;anonymous class&gt;.Utils.getElementAt(file:///C:/Users/370313/AppData/Local/Temp/anonymous6100960096101442276webdriver-profile/extensions/fxdriver@googlecode.com/components/command-processor.js:9039)
	at &lt;anonymous class&gt;.WebElement.getElementText(file:///C:/Users/370313/AppData/Local/Temp/anonymous6100960096101442276webdriver-profile/extensions/fxdriver@googlecode.com/components/command-processor.js:12092)
	at &lt;anonymous class&gt;.DelayedCommand.prototype.executeInternal_/h(file:///C:/Users/370313/AppData/Local/Temp/anonymous6100960096101442276webdriver-profile/extensions/fxdriver@googlecode.com/components/command-processor.js:12661)
	at &lt;anonymous class&gt;.fxdriver.Timer.prototype.setTimeout/&lt;.notify(file:///C:/Users/370313/AppData/Local/Temp/anonymous6100960096101442276webdriver-profile/extensions/fxdriver@googlecode.com/components/command-processor.js:625)
... Removed 28 stack frames
</div> <!-- stack-trace -->
                </div> <!-- method-content -->
              </div> <!-- method -->
              <div class="method">
                <div class="method-content">
                  <a name="TestLeadDelete(Y, Mozilla, Apple, Watson)">
                  </a> <!-- TestLeadDelete(Y, Mozilla, Apple, Watson) -->
                  <span class="method-name">TestLeadDelete</span>
                  <span class="parameters">(Y, Mozilla, Apple, Watson)</span>
                  <div class="stack-trace">org.openqa.selenium.ElementNotVisibleException: Element is not currently visible and so may not be interacted with
Command duration or timeout: 20.16 seconds
Build info: version: &apos;2.53.0&apos;, revision: &apos;35ae25b1534ae328c771e0856c93e187490ca824&apos;, time: &apos;2016-03-15 10:43:46&apos;
System info: host: &apos;XATLCAMP04967&apos;, ip: &apos;192.168.1.64&apos;, os.name: &apos;Windows 7&apos;, os.arch: &apos;amd64&apos;, os.version: &apos;6.1&apos;, java.version: &apos;1.8.0_111&apos;
Driver info: org.openqa.selenium.firefox.FirefoxDriver
Capabilities [{applicationCacheEnabled=true, rotatable=false, handlesAlerts=true, databaseEnabled=true, version=44.0, platform=WINDOWS, nativeEvents=false, acceptSslCerts=true, webStorageEnabled=true, locationContextEnabled=true, browserName=firefox, takesScreenshot=true, javascriptEnabled=true, cssSelectorsEnabled=true}]
Session ID: 09900ebb-7a02-4ef0-830e-6d10eba7e671
	at org.openqa.selenium.remote.ErrorHandler.createThrowable(ErrorHandler.java:206)
	at org.openqa.selenium.remote.ErrorHandler.throwIfResponseFailed(ErrorHandler.java:158)
	at org.openqa.selenium.remote.RemoteWebDriver.execute(RemoteWebDriver.java:678)
	at org.openqa.selenium.remote.RemoteWebElement.execute(RemoteWebElement.java:327)
	at org.openqa.selenium.remote.RemoteWebElement.click(RemoteWebElement.java:85)
	at com.zohotesting.LeadPage.deleteLead(LeadPage.java:52)
	at com.zohotesting.DeleteLead.TestLeadDelete(DeleteLead.java:56)
Caused by: org.openqa.selenium.ElementNotVisibleException: Element is not currently visible and so may not be interacted with
Build info: version: &apos;2.53.0&apos;, revision: &apos;35ae25b1534ae328c771e0856c93e187490ca824&apos;, time: &apos;2016-03-15 10:43:46&apos;
System info: host: &apos;XATLCAMP04967&apos;, ip: &apos;192.168.1.64&apos;, os.name: &apos;Windows 7&apos;, os.arch: &apos;amd64&apos;, os.version: &apos;6.1&apos;, java.version: &apos;1.8.0_111&apos;
Driver info: driver.version: unknown
	at &lt;anonymous class&gt;.fxdriver.preconditions.visible(file:///C:/Users/370313/AppData/Local/Temp/anonymous3191064678608594265webdriver-profile/extensions/fxdriver@googlecode.com/components/command-processor.js:10092)
	at &lt;anonymous class&gt;.DelayedCommand.prototype.checkPreconditions_(file:///C:/Users/370313/AppData/Local/Temp/anonymous3191064678608594265webdriver-profile/extensions/fxdriver@googlecode.com/components/command-processor.js:12644)
	at &lt;anonymous class&gt;.DelayedCommand.prototype.executeInternal_/h(file:///C:/Users/370313/AppData/Local/Temp/anonymous3191064678608594265webdriver-profile/extensions/fxdriver@googlecode.com/components/command-processor.js:12661)
	at &lt;anonymous class&gt;.fxdriver.Timer.prototype.setTimeout/&lt;.notify(file:///C:/Users/370313/AppData/Local/Temp/anonymous3191064678608594265webdriver-profile/extensions/fxdriver@googlecode.com/components/command-processor.js:625)
... Removed 28 stack frames
</div> <!-- stack-trace -->
                </div> <!-- method-content -->
              </div> <!-- method -->
            </div> <!-- main-panel-content rounded-window-bottom -->
          </div> <!-- suite-TestAll-class-failed -->
          <div class="suite-TestAll-class-failed">
            <div class="main-panel-header rounded-window-top">
              <img src="failed.png"/>
              <span class="class-name">com.zohotesting.CreateLeadTest</span>
            </div> <!-- main-panel-header rounded-window-top -->
            <div class="main-panel-content rounded-window-bottom">
              <div class="method">
                <div class="method-content">
                  <a name="doCreateLead(Y, Chrome, Lenovo, , , Sharma)">
                  </a> <!-- doCreateLead(Y, Chrome, Lenovo, , , Sharma) -->
                  <span class="method-name">doCreateLead</span>
                  <span class="parameters">(Y, Chrome, Lenovo, , , Sharma)</span>
                  <div class="stack-trace">org.openqa.selenium.NoSuchElementException: no such element: Unable to locate element: {&quot;method&quot;:&quot;xpath&quot;,&quot;selector&quot;:&quot;//a[@Class=&apos;signin&apos;]&quot;}
  (Session info: chrome=55.0.2883.87)
  (Driver info: chromedriver=2.25.426923 (0390b88869384d6eb0d5d09729679f934aab9eed),platform=Windows NT 6.1.7601 SP1 x86_64) (WARNING: The server did not provide any stacktrace information)
Command duration or timeout: 20.09 seconds
For documentation on this error, please visit: http://seleniumhq.org/exceptions/no_such_element.html
Build info: version: &apos;2.53.0&apos;, revision: &apos;35ae25b1534ae328c771e0856c93e187490ca824&apos;, time: &apos;2016-03-15 10:43:46&apos;
System info: host: &apos;XATLCAMP04967&apos;, ip: &apos;192.168.1.64&apos;, os.name: &apos;Windows 7&apos;, os.arch: &apos;amd64&apos;, os.version: &apos;6.1&apos;, java.version: &apos;1.8.0_111&apos;
Driver info: org.openqa.selenium.chrome.ChromeDriver
Capabilities [{applicationCacheEnabled=false, rotatable=false, mobileEmulationEnabled=false, networkConnectionEnabled=false, chrome={chromedriverVersion=2.25.426923 (0390b88869384d6eb0d5d09729679f934aab9eed), userDataDir=C:\Users\370313\AppData\Local\Temp\scoped_dir9212_14181}, takesHeapSnapshot=true, pageLoadStrategy=normal, databaseEnabled=false, handlesAlerts=true, hasTouchScreen=false, version=55.0.2883.87, platform=XP, browserConnectionEnabled=false, nativeEvents=true, acceptSslCerts=true, locationContextEnabled=true, webStorageEnabled=true, browserName=chrome, takesScreenshot=true, javascriptEnabled=true, cssSelectorsEnabled=true}]
Session ID: 0f03732b2fd18f7265bd13961820e6fe
*** Element info: {Using=xpath, value=//a[@Class=&apos;signin&apos;]}
	at org.openqa.selenium.remote.ErrorHandler.createThrowable(ErrorHandler.java:206)
	at org.openqa.selenium.remote.ErrorHandler.throwIfResponseFailed(ErrorHandler.java:158)
	at org.openqa.selenium.remote.RemoteWebDriver.execute(RemoteWebDriver.java:678)
	at org.openqa.selenium.remote.RemoteWebDriver.findElement(RemoteWebDriver.java:363)
	at org.openqa.selenium.remote.RemoteWebDriver.findElementByXPath(RemoteWebDriver.java:500)
	at org.openqa.selenium.By$ByXPath.findElement(By.java:361)
	at org.openqa.selenium.remote.RemoteWebDriver.findElement(RemoteWebDriver.java:355)
	at org.openqa.selenium.support.pagefactory.DefaultElementLocator.findElement(DefaultElementLocator.java:69)
	at org.openqa.selenium.support.pagefactory.internal.LocatingElementHandler.invoke(LocatingElementHandler.java:38)
	at com.sun.proxy.$Proxy10.click(Unknown Source)
	at com.zohotesting.HomePage.gotoLoginPage(HomePage.java:25)
	at com.zohotesting.BaseTest.defaultLogin(BaseTest.java:54)
	at com.zohotesting.CreateLeadTest.doCreateLead(CreateLeadTest.java:47)
... Removed 28 stack frames
</div> <!-- stack-trace -->
                </div> <!-- method-content -->
              </div> <!-- method -->
            </div> <!-- main-panel-content rounded-window-bottom -->
          </div> <!-- suite-TestAll-class-failed -->
          <div class="suite-TestAll-class-failed">
            <div class="main-panel-header rounded-window-top">
              <img src="failed.png"/>
              <span class="class-name">com.zohotesting.TestLogin</span>
            </div> <!-- main-panel-header rounded-window-top -->
            <div class="main-panel-content rounded-window-bottom">
              <div class="method">
                <div class="method-content">
                  <a name="dologin(Y, Mozilla, nesharma0101@gmail.com, vinnpv1980, Y)">
                  </a> <!-- dologin(Y, Mozilla, nesharma0101@gmail.com, vinnpv1980, Y) -->
                  <span class="method-name">dologin</span>
                  <span class="parameters">(Y, Mozilla, nesharma0101@gmail.com, vinnpv1980, Y)</span>
                  <div class="stack-trace">org.openqa.selenium.NoSuchElementException: Unable to locate element: {&quot;method&quot;:&quot;xpath&quot;,&quot;selector&quot;:&quot;//a[@Class=&apos;signin&apos;]&quot;}
Command duration or timeout: 20.05 seconds
For documentation on this error, please visit: http://seleniumhq.org/exceptions/no_such_element.html
Build info: version: &apos;2.53.0&apos;, revision: &apos;35ae25b1534ae328c771e0856c93e187490ca824&apos;, time: &apos;2016-03-15 10:43:46&apos;
System info: host: &apos;XATLCAMP04967&apos;, ip: &apos;192.168.1.64&apos;, os.name: &apos;Windows 7&apos;, os.arch: &apos;amd64&apos;, os.version: &apos;6.1&apos;, java.version: &apos;1.8.0_111&apos;
Driver info: org.openqa.selenium.firefox.FirefoxDriver
Capabilities [{applicationCacheEnabled=true, rotatable=false, handlesAlerts=true, databaseEnabled=true, version=44.0, platform=WINDOWS, nativeEvents=false, acceptSslCerts=true, webStorageEnabled=true, locationContextEnabled=true, browserName=firefox, takesScreenshot=true, javascriptEnabled=true, cssSelectorsEnabled=true}]
Session ID: 5e306623-8eb1-48d7-b110-496de8f82920
*** Element info: {Using=xpath, value=//a[@Class=&apos;signin&apos;]}
	at org.openqa.selenium.remote.ErrorHandler.createThrowable(ErrorHandler.java:206)
	at org.openqa.selenium.remote.ErrorHandler.throwIfResponseFailed(ErrorHandler.java:158)
	at org.openqa.selenium.remote.RemoteWebDriver.execute(RemoteWebDriver.java:678)
	at org.openqa.selenium.remote.RemoteWebDriver.findElement(RemoteWebDriver.java:363)
	at org.openqa.selenium.remote.RemoteWebDriver.findElementByXPath(RemoteWebDriver.java:500)
	at org.openqa.selenium.By$ByXPath.findElement(By.java:361)
	at org.openqa.selenium.remote.RemoteWebDriver.findElement(RemoteWebDriver.java:355)
	at org.openqa.selenium.support.pagefactory.DefaultElementLocator.findElement(DefaultElementLocator.java:69)
	at org.openqa.selenium.support.pagefactory.internal.LocatingElementHandler.invoke(LocatingElementHandler.java:38)
	at com.sun.proxy.$Proxy10.click(Unknown Source)
	at com.zohotesting.HomePage.gotoLoginPage(HomePage.java:25)
	at com.zohotesting.TestLogin.dologin(TestLogin.java:75)
Caused by: org.openqa.selenium.NoSuchElementException: Unable to locate element: {&quot;method&quot;:&quot;xpath&quot;,&quot;selector&quot;:&quot;//a[@Class=&apos;signin&apos;]&quot;}
For documentation on this error, please visit: http://seleniumhq.org/exceptions/no_such_element.html
Build info: version: &apos;2.53.0&apos;, revision: &apos;35ae25b1534ae328c771e0856c93e187490ca824&apos;, time: &apos;2016-03-15 10:43:46&apos;
System info: host: &apos;XATLCAMP04967&apos;, ip: &apos;192.168.1.64&apos;, os.name: &apos;Windows 7&apos;, os.arch: &apos;amd64&apos;, os.version: &apos;6.1&apos;, java.version: &apos;1.8.0_111&apos;
Driver info: driver.version: unknown
	at &lt;anonymous class&gt;.FirefoxDriver.prototype.findElementInternal_(file:///C:/Users/370313/AppData/Local/Temp/anonymous880964551889636067webdriver-profile/extensions/fxdriver@googlecode.com/components/driver-component.js:10770)
	at &lt;anonymous class&gt;.fxdriver.Timer.prototype.setTimeout/&lt;.notify(file:///C:/Users/370313/AppData/Local/Temp/anonymous880964551889636067webdriver-profile/extensions/fxdriver@googlecode.com/components/driver-component.js:625)
... Removed 28 stack frames
</div> <!-- stack-trace -->
                </div> <!-- method-content -->
              </div> <!-- method -->
              <div class="method">
                <div class="method-content">
                  <a name="dologin(Y, Mozilla, its.thakur@gmail.com, xxxxx, N)">
                  </a> <!-- dologin(Y, Mozilla, its.thakur@gmail.com, xxxxx, N) -->
                  <span class="method-name">dologin</span>
                  <span class="parameters">(Y, Mozilla, its.thakur@gmail.com, xxxxx, N)</span>
                  <div class="stack-trace">org.openqa.selenium.NoSuchElementException: Unable to locate element: {&quot;method&quot;:&quot;xpath&quot;,&quot;selector&quot;:&quot;//a[@Class=&apos;signin&apos;]&quot;}
Command duration or timeout: 20.13 seconds
For documentation on this error, please visit: http://seleniumhq.org/exceptions/no_such_element.html
Build info: version: &apos;2.53.0&apos;, revision: &apos;35ae25b1534ae328c771e0856c93e187490ca824&apos;, time: &apos;2016-03-15 10:43:46&apos;
System info: host: &apos;XATLCAMP04967&apos;, ip: &apos;192.168.1.64&apos;, os.name: &apos;Windows 7&apos;, os.arch: &apos;amd64&apos;, os.version: &apos;6.1&apos;, java.version: &apos;1.8.0_111&apos;
Driver info: org.openqa.selenium.firefox.FirefoxDriver
Capabilities [{applicationCacheEnabled=true, rotatable=false, handlesAlerts=true, databaseEnabled=true, version=44.0, platform=WINDOWS, nativeEvents=false, acceptSslCerts=true, webStorageEnabled=true, locationContextEnabled=true, browserName=firefox, takesScreenshot=true, javascriptEnabled=true, cssSelectorsEnabled=true}]
Session ID: d6915d80-cbc2-4afb-b103-58c904400dd6
*** Element info: {Using=xpath, value=//a[@Class=&apos;signin&apos;]}
	at org.openqa.selenium.remote.ErrorHandler.createThrowable(ErrorHandler.java:206)
	at org.openqa.selenium.remote.ErrorHandler.throwIfResponseFailed(ErrorHandler.java:158)
	at org.openqa.selenium.remote.RemoteWebDriver.execute(RemoteWebDriver.java:678)
	at org.openqa.selenium.remote.RemoteWebDriver.findElement(RemoteWebDriver.java:363)
	at org.openqa.selenium.remote.RemoteWebDriver.findElementByXPath(RemoteWebDriver.java:500)
	at org.openqa.selenium.By$ByXPath.findElement(By.java:361)
	at org.openqa.selenium.remote.RemoteWebDriver.findElement(RemoteWebDriver.java:355)
	at org.openqa.selenium.support.pagefactory.DefaultElementLocator.findElement(DefaultElementLocator.java:69)
	at org.openqa.selenium.support.pagefactory.internal.LocatingElementHandler.invoke(LocatingElementHandler.java:38)
	at com.sun.proxy.$Proxy10.click(Unknown Source)
	at com.zohotesting.HomePage.gotoLoginPage(HomePage.java:25)
	at com.zohotesting.TestLogin.dologin(TestLogin.java:75)
Caused by: org.openqa.selenium.NoSuchElementException: Unable to locate element: {&quot;method&quot;:&quot;xpath&quot;,&quot;selector&quot;:&quot;//a[@Class=&apos;signin&apos;]&quot;}
For documentation on this error, please visit: http://seleniumhq.org/exceptions/no_such_element.html
Build info: version: &apos;2.53.0&apos;, revision: &apos;35ae25b1534ae328c771e0856c93e187490ca824&apos;, time: &apos;2016-03-15 10:43:46&apos;
System info: host: &apos;XATLCAMP04967&apos;, ip: &apos;192.168.1.64&apos;, os.name: &apos;Windows 7&apos;, os.arch: &apos;amd64&apos;, os.version: &apos;6.1&apos;, java.version: &apos;1.8.0_111&apos;
Driver info: driver.version: unknown
	at &lt;anonymous class&gt;.FirefoxDriver.prototype.findElementInternal_(file:///C:/Users/370313/AppData/Local/Temp/anonymous6367852741267461842webdriver-profile/extensions/fxdriver@googlecode.com/components/driver-component.js:10770)
	at &lt;anonymous class&gt;.fxdriver.Timer.prototype.setTimeout/&lt;.notify(file:///C:/Users/370313/AppData/Local/Temp/anonymous6367852741267461842webdriver-profile/extensions/fxdriver@googlecode.com/components/driver-component.js:625)
... Removed 28 stack frames
</div> <!-- stack-trace -->
                </div> <!-- method-content -->
              </div> <!-- method -->
            </div> <!-- main-panel-content rounded-window-bottom -->
          </div> <!-- suite-TestAll-class-failed -->
          <div class="suite-TestAll-class-skipped">
            <div class="main-panel-header rounded-window-top">
              <img src="skipped.png"/>
              <span class="class-name">com.zohotesting.DeleteLead</span>
            </div> <!-- main-panel-header rounded-window-top -->
            <div class="main-panel-content rounded-window-bottom">
              <div class="method">
                <div class="method-content">
                  <a name="TestLeadDelete(N, Mozilla, Apple, Tiwari)">
                  </a> <!-- TestLeadDelete(N, Mozilla, Apple, Tiwari) -->
                  <span class="method-name">TestLeadDelete</span>
                  <span class="parameters">(N, Mozilla, Apple, Tiwari)</span>
                  <div class="stack-trace">org.testng.SkipException: Skipping the test with has No runmode
	at com.zohotesting.DeleteLead.TestLeadDelete(DeleteLead.java:46)
... Removed 24 stack frames
</div> <!-- stack-trace -->
                </div> <!-- method-content -->
              </div> <!-- method -->
            </div> <!-- main-panel-content rounded-window-bottom -->
          </div> <!-- suite-TestAll-class-skipped -->
          <div class="suite-TestAll-class-passed">
            <div class="main-panel-header rounded-window-top">
              <img src="passed.png"/>
              <span class="class-name">com.zohotesting.CreateLeadTest</span>
            </div> <!-- main-panel-header rounded-window-top -->
            <div class="main-panel-content rounded-window-bottom">
              <div class="method">
                <div class="method-content">
                  <a name="doCreateLead(Y, Mozilla, Apple, abc@abc.com, Indu, Tiwari)">
                  </a> <!-- doCreateLead(Y, Mozilla, Apple, abc@abc.com, Indu, Tiwari) -->
                  <span class="method-name">doCreateLead</span>
                  <span class="parameters">(Y, Mozilla, Apple, abc@abc.com, Indu, Tiwari)</span>
                </div> <!-- method-content -->
              </div> <!-- method -->
              <div class="method">
                <div class="method-content">
                  <a name="doCreateLead(Y, Mozilla, Delta, cde@cde.com, Joseph, Coronal)">
                  </a> <!-- doCreateLead(Y, Mozilla, Delta, cde@cde.com, Joseph, Coronal) -->
                  <span class="method-name">doCreateLead</span>
                  <span class="parameters">(Y, Mozilla, Delta, cde@cde.com, Joseph, Coronal)</span>
                </div> <!-- method-content -->
              </div> <!-- method -->
              <div class="method">
                <div class="method-content">
                  <a name="doCreateLead(Y, Mozilla, HP, fgh@fgh.com, Dan, Watson)">
                  </a> <!-- doCreateLead(Y, Mozilla, HP, fgh@fgh.com, Dan, Watson) -->
                  <span class="method-name">doCreateLead</span>
                  <span class="parameters">(Y, Mozilla, HP, fgh@fgh.com, Dan, Watson)</span>
                </div> <!-- method-content -->
              </div> <!-- method -->
            </div> <!-- main-panel-content rounded-window-bottom -->
          </div> <!-- suite-TestAll-class-passed -->
        </div> <!-- panel TestAll -->
        <div panel-name="test-xml-TestAll" class="panel">
          <div class="main-panel-header rounded-window-top">
            <span class="header-content">C:\Neeraj Sharma\Mars Workspace\ZohoTesting\resource\testng.xml</span>
          </div> <!-- main-panel-header rounded-window-top -->
          <div class="main-panel-content rounded-window-bottom">
            <pre>
&lt;?xml version=&quot;1.0&quot; encoding=&quot;UTF-8&quot;?&gt;
&lt;!DOCTYPE suite SYSTEM &quot;http://testng.org/testng-1.0.dtd&quot;&gt;
&lt;suite name=&quot;TestAll&quot;&gt;
  &lt;test name=&quot;Login Test&quot;&gt;
    &lt;classes&gt;
      &lt;class name=&quot;com.zohotesting.TestLogin&quot;/&gt;
    &lt;/classes&gt;
  &lt;/test&gt; &lt;!-- Login Test --&gt;
  &lt;test name=&quot;Create Lead Test&quot;&gt;
    &lt;classes&gt;
      &lt;class name=&quot;com.zohotesting.CreateLeadTest&quot;/&gt;
    &lt;/classes&gt;
  &lt;/test&gt; &lt;!-- Create Lead Test --&gt;
  &lt;test name=&quot;Delete Lead&quot;&gt;
    &lt;classes&gt;
      &lt;class name=&quot;com.zohotesting.DeleteLead&quot;/&gt;
    &lt;/classes&gt;
  &lt;/test&gt; &lt;!-- Delete Lead --&gt;
&lt;/suite&gt; &lt;!-- TestAll --&gt;
            </pre>
          </div> <!-- main-panel-content rounded-window-bottom -->
        </div> <!-- panel -->
        <div panel-name="testlist-TestAll" class="panel">
          <div class="main-panel-header rounded-window-top">
            <span class="header-content">Tests for TestAll</span>
          </div> <!-- main-panel-header rounded-window-top -->
          <div class="main-panel-content rounded-window-bottom">
            <ul>
              <li>
                <span class="test-name">Login Test (1 class)</span>
              </li>
              <li>
                <span class="test-name">Create Lead Test (1 class)</span>
              </li>
              <li>
                <span class="test-name">Delete Lead (1 class)</span>
              </li>
            </ul>
          </div> <!-- main-panel-content rounded-window-bottom -->
        </div> <!-- panel -->
        <div panel-name="group-TestAll" class="panel">
          <div class="main-panel-header rounded-window-top">
            <span class="header-content">Groups for TestAll</span>
          </div> <!-- main-panel-header rounded-window-top -->
          <div class="main-panel-content rounded-window-bottom">
          </div> <!-- main-panel-content rounded-window-bottom -->
        </div> <!-- panel -->
        <div panel-name="times-TestAll" class="panel">
          <div class="main-panel-header rounded-window-top">
            <span class="header-content">Times for TestAll</span>
          </div> <!-- main-panel-header rounded-window-top -->
          <div class="main-panel-content rounded-window-bottom">
            <div class="times-div">
              <script type="text/javascript">
suiteTableInitFunctions.push('tableData_TestAll');
function tableData_TestAll() {
var data = new google.visualization.DataTable();
data.addColumn('number', 'Number');
data.addColumn('string', 'Method');
data.addColumn('string', 'Class');
data.addColumn('number', 'Time (ms)');
data.addRows(9);
data.setCell(0, 0, 0)
data.setCell(0, 1, 'TestLeadDelete')
data.setCell(0, 2, 'com.zohotesting.DeleteLead')
data.setCell(0, 3, 43709);
data.setCell(1, 0, 1)
data.setCell(1, 1, 'TestLeadDelete')
data.setCell(1, 2, 'com.zohotesting.DeleteLead')
data.setCell(1, 3, 42786);
data.setCell(2, 0, 2)
data.setCell(2, 1, 'dologin')
data.setCell(2, 2, 'com.zohotesting.TestLogin')
data.setCell(2, 3, 35648);
data.setCell(3, 0, 3)
data.setCell(3, 1, 'dologin')
data.setCell(3, 2, 'com.zohotesting.TestLogin')
data.setCell(3, 3, 34502);
data.setCell(4, 0, 4)
data.setCell(4, 1, 'doCreateLead')
data.setCell(4, 2, 'com.zohotesting.CreateLeadTest')
data.setCell(4, 3, 30406);
data.setCell(5, 0, 5)
data.setCell(5, 1, 'doCreateLead')
data.setCell(5, 2, 'com.zohotesting.CreateLeadTest')
data.setCell(5, 3, 29060);
data.setCell(6, 0, 6)
data.setCell(6, 1, 'doCreateLead')
data.setCell(6, 2, 'com.zohotesting.CreateLeadTest')
data.setCell(6, 3, 26708);
data.setCell(7, 0, 7)
data.setCell(7, 1, 'doCreateLead')
data.setCell(7, 2, 'com.zohotesting.CreateLeadTest')
data.setCell(7, 3, 23094);
data.setCell(8, 0, 8)
data.setCell(8, 1, 'TestLeadDelete')
data.setCell(8, 2, 'com.zohotesting.DeleteLead')
data.setCell(8, 3, 1);
window.suiteTableData['TestAll']= { tableData: data, tableDiv: 'times-div-TestAll'}
return data;
}
              </script>
              <span class="suite-total-time">Total running time: 4 minutes</span>
              <div id="times-div-TestAll">
              </div> <!-- times-div-TestAll -->
            </div> <!-- times-div -->
          </div> <!-- main-panel-content rounded-window-bottom -->
        </div> <!-- panel -->
        <div panel-name="reporter-TestAll" class="panel">
          <div class="main-panel-header rounded-window-top">
            <span class="header-content">Reporter output for TestAll</span>
          </div> <!-- main-panel-header rounded-window-top -->
          <div class="main-panel-content rounded-window-bottom">
          </div> <!-- main-panel-content rounded-window-bottom -->
        </div> <!-- panel -->
        <div panel-name="ignored-methods-TestAll" class="panel">
          <div class="main-panel-header rounded-window-top">
            <span class="header-content">0 ignored methods</span>
          </div> <!-- main-panel-header rounded-window-top -->
          <div class="main-panel-content rounded-window-bottom">
          </div> <!-- main-panel-content rounded-window-bottom -->
        </div> <!-- panel -->
        <div panel-name="chronological-TestAll" class="panel">
          <div class="main-panel-header rounded-window-top">
            <span class="header-content">Methods in chronological order</span>
          </div> <!-- main-panel-header rounded-window-top -->
          <div class="main-panel-content rounded-window-bottom">
            <div class="chronological-class">
              <div class="chronological-class-name">com.zohotesting.TestLogin</div> <!-- chronological-class-name -->
              <div class="configuration-method before">
                <span class="method-name">before</span>
                <span class="method-start">0 ms</span>
              </div> <!-- configuration-method before -->
              <div class="test-method">
                <img src="failed.png">
                </img>
                <span class="method-name">dologin(Y, Mozilla, nesharma0101@gmail.com, vinnpv1980, Y)</span>
                <span class="method-start">120 ms</span>
              </div> <!-- test-method -->
              <div class="configuration-method after">
                <span class="method-name">after</span>
                <span class="method-start">35785 ms</span>
              </div> <!-- configuration-method after -->
              <div class="configuration-method before">
                <span class="method-name">before</span>
                <span class="method-start">36021 ms</span>
              </div> <!-- configuration-method before -->
              <div class="test-method">
                <img src="failed.png">
                </img>
                <span class="method-name">dologin(Y, Mozilla, its.thakur@gmail.com, xxxxx, N)</span>
                <span class="method-start">36021 ms</span>
              </div> <!-- test-method -->
              <div class="configuration-method after">
                <span class="method-name">after</span>
                <span class="method-start">70550 ms</span>
              </div> <!-- configuration-method after -->
            </div> <!-- chronological-class -->
            <div class="chronological-class">
              <div class="chronological-class-name">com.zohotesting.CreateLeadTest</div> <!-- chronological-class-name -->
              <div class="configuration-method before">
                <span class="method-name">before</span>
                <span class="method-start">70768 ms</span>
              </div> <!-- configuration-method before -->
              <div class="test-method">
                <span class="method-name">doCreateLead(Y, Mozilla, Apple, abc@abc.com, Indu, Tiwari)</span>
                <span class="method-start">70769 ms</span>
              </div> <!-- test-method -->
              <div class="configuration-method after">
                <span class="method-name">after</span>
                <span class="method-start">93865 ms</span>
              </div> <!-- configuration-method after -->
              <div class="configuration-method before">
                <span class="method-name">before</span>
                <span class="method-start">93925 ms</span>
              </div> <!-- configuration-method before -->
              <div class="test-method">
                <span class="method-name">doCreateLead(Y, Mozilla, Delta, cde@cde.com, Joseph, Coronal)</span>
                <span class="method-start">93926 ms</span>
              </div> <!-- test-method -->
              <div class="configuration-method after">
                <span class="method-name">after</span>
                <span class="method-start">120637 ms</span>
              </div> <!-- configuration-method after -->
              <div class="configuration-method before">
                <span class="method-name">before</span>
                <span class="method-start">120711 ms</span>
              </div> <!-- configuration-method before -->
              <div class="test-method">
                <span class="method-name">doCreateLead(Y, Mozilla, HP, fgh@fgh.com, Dan, Watson)</span>
                <span class="method-start">120711 ms</span>
              </div> <!-- test-method -->
              <div class="configuration-method after">
                <span class="method-name">after</span>
                <span class="method-start">151119 ms</span>
              </div> <!-- configuration-method after -->
              <div class="configuration-method before">
                <span class="method-name">before</span>
                <span class="method-start">151187 ms</span>
              </div> <!-- configuration-method before -->
              <div class="test-method">
                <img src="failed.png">
                </img>
                <span class="method-name">doCreateLead(Y, Chrome, Lenovo, , , Sharma)</span>
                <span class="method-start">151188 ms</span>
              </div> <!-- test-method -->
              <div class="configuration-method after">
                <span class="method-name">after</span>
                <span class="method-start">180258 ms</span>
              </div> <!-- configuration-method after -->
            </div> <!-- chronological-class -->
            <div class="chronological-class">
              <div class="chronological-class-name">com.zohotesting.DeleteLead</div> <!-- chronological-class-name -->
              <div class="test-method">
                <img src="failed.png">
                </img>
                <span class="method-name">TestLeadDelete(Y, Mozilla, Apple, Watson)</span>
                <span class="method-start">180385 ms</span>
              </div> <!-- test-method -->
              <div class="configuration-method before">
                <span class="method-name">before</span>
                <span class="method-start">180385 ms</span>
              </div> <!-- configuration-method before -->
              <div class="configuration-method after">
                <span class="method-name">after</span>
                <span class="method-start">224102 ms</span>
              </div> <!-- configuration-method after -->
              <div class="test-method">
                <img src="failed.png">
                </img>
                <span class="method-name">TestLeadDelete(Y, Mozilla, Delta, Coronal)</span>
                <span class="method-start">224159 ms</span>
              </div> <!-- test-method -->
              <div class="configuration-method before">
                <span class="method-name">before</span>
                <span class="method-start">224159 ms</span>
              </div> <!-- configuration-method before -->
              <div class="configuration-method after">
                <span class="method-name">after</span>
                <span class="method-start">266954 ms</span>
              </div> <!-- configuration-method after -->
              <div class="configuration-method before">
                <span class="method-name">before</span>
                <span class="method-start">267019 ms</span>
              </div> <!-- configuration-method before -->
              <div class="test-method">
                <span class="method-name">TestLeadDelete(N, Mozilla, Apple, Tiwari)</span>
                <span class="method-start">267020 ms</span>
              </div> <!-- test-method -->
              <div class="configuration-method after">
                <span class="method-name">after</span>
                <span class="method-start">267022 ms</span>
              </div> <!-- configuration-method after -->
          </div> <!-- main-panel-content rounded-window-bottom -->
        </div> <!-- panel -->
      </div> <!-- main-panel-root -->
    </div> <!-- wrapper -->
  </body>
</html>
